CRITICAL - 2021-03-18 08:33:55 --> Invalid file: helloWorld.php
#0 /home/wanderson/Área de Trabalho/helloWorld/codeigniter-helloWorld/system/View/View.php(203): CodeIgniter\Exceptions\FrameworkException::forInvalidFile()
#1 /home/wanderson/Área de Trabalho/helloWorld/codeigniter-helloWorld/system/Common.php(1217): CodeIgniter\View\View->render()
#2 /home/wanderson/Área de Trabalho/helloWorld/codeigniter-helloWorld/app/Controllers/Home.php(9): view()
#3 /home/wanderson/Área de Trabalho/helloWorld/codeigniter-helloWorld/system/CodeIgniter.php(936): App\Controllers\Home->helloWorld()
#4 /home/wanderson/Área de Trabalho/helloWorld/codeigniter-helloWorld/system/CodeIgniter.php(432): CodeIgniter\CodeIgniter->runController()
#5 /home/wanderson/Área de Trabalho/helloWorld/codeigniter-helloWorld/system/CodeIgniter.php(333): CodeIgniter\CodeIgniter->handleRequest()
#6 /home/wanderson/Área de Trabalho/helloWorld/codeigniter-helloWorld/public/index.php(44): CodeIgniter\CodeIgniter->run()
#7 /home/wanderson/Área de Trabalho/helloWorld/codeigniter-helloWorld/system/Commands/Server/rewrite.php(45): require_once('/home/wanderson...')
#8 {main}
CRITICAL - 2021-03-18 08:34:40 --> Invalid file: helloWorld.php
#0 /home/wanderson/Área de Trabalho/helloWorld/codeigniter-helloWorld/system/View/View.php(203): CodeIgniter\Exceptions\FrameworkException::forInvalidFile()
#1 /home/wanderson/Área de Trabalho/helloWorld/codeigniter-helloWorld/system/Common.php(1217): CodeIgniter\View\View->render()
#2 /home/wanderson/Área de Trabalho/helloWorld/codeigniter-helloWorld/app/Controllers/Home.php(9): view()
#3 /home/wanderson/Área de Trabalho/helloWorld/codeigniter-helloWorld/system/CodeIgniter.php(936): App\Controllers\Home->helloWorld()
#4 /home/wanderson/Área de Trabalho/helloWorld/codeigniter-helloWorld/system/CodeIgniter.php(432): CodeIgniter\CodeIgniter->runController()
#5 /home/wanderson/Área de Trabalho/helloWorld/codeigniter-helloWorld/system/CodeIgniter.php(333): CodeIgniter\CodeIgniter->handleRequest()
#6 /home/wanderson/Área de Trabalho/helloWorld/codeigniter-helloWorld/public/index.php(44): CodeIgniter\CodeIgniter->run()
#7 /home/wanderson/Área de Trabalho/helloWorld/codeigniter-helloWorld/system/Commands/Server/rewrite.php(45): require_once('/home/wanderson...')
#8 {main}
CRITICAL - 2021-03-18 08:34:41 --> Invalid file: helloWorld.php
#0 /home/wanderson/Área de Trabalho/helloWorld/codeigniter-helloWorld/system/View/View.php(203): CodeIgniter\Exceptions\FrameworkException::forInvalidFile()
#1 /home/wanderson/Área de Trabalho/helloWorld/codeigniter-helloWorld/system/Common.php(1217): CodeIgniter\View\View->render()
#2 /home/wanderson/Área de Trabalho/helloWorld/codeigniter-helloWorld/app/Controllers/Home.php(9): view()
#3 /home/wanderson/Área de Trabalho/helloWorld/codeigniter-helloWorld/system/CodeIgniter.php(936): App\Controllers\Home->helloWorld()
#4 /home/wanderson/Área de Trabalho/helloWorld/codeigniter-helloWorld/system/CodeIgniter.php(432): CodeIgniter\CodeIgniter->runController()
#5 /home/wanderson/Área de Trabalho/helloWorld/codeigniter-helloWorld/system/CodeIgniter.php(333): CodeIgniter\CodeIgniter->handleRequest()
#6 /home/wanderson/Área de Trabalho/helloWorld/codeigniter-helloWorld/public/index.php(44): CodeIgniter\CodeIgniter->run()
#7 /home/wanderson/Área de Trabalho/helloWorld/codeigniter-helloWorld/system/Commands/Server/rewrite.php(45): require_once('/home/wanderson...')
#8 {main}
CRITICAL - 2021-03-18 08:34:59 --> Invalid file: helloWorld.php
#0 /home/wanderson/Área de Trabalho/helloWorld/codeigniter-helloWorld/system/View/View.php(203): CodeIgniter\Exceptions\FrameworkException::forInvalidFile()
#1 /home/wanderson/Área de Trabalho/helloWorld/codeigniter-helloWorld/system/Common.php(1217): CodeIgniter\View\View->render()
#2 /home/wanderson/Área de Trabalho/helloWorld/codeigniter-helloWorld/app/Controllers/Home.php(9): view()
#3 /home/wanderson/Área de Trabalho/helloWorld/codeigniter-helloWorld/system/CodeIgniter.php(936): App\Controllers\Home->helloWorld()
#4 /home/wanderson/Área de Trabalho/helloWorld/codeigniter-helloWorld/system/CodeIgniter.php(432): CodeIgniter\CodeIgniter->runController()
#5 /home/wanderson/Área de Trabalho/helloWorld/codeigniter-helloWorld/system/CodeIgniter.php(333): CodeIgniter\CodeIgniter->handleRequest()
#6 /home/wanderson/Área de Trabalho/helloWorld/codeigniter-helloWorld/public/index.php(44): CodeIgniter\CodeIgniter->run()
#7 /home/wanderson/Área de Trabalho/helloWorld/codeigniter-helloWorld/system/Commands/Server/rewrite.php(45): require_once('/home/wanderson...')
#8 {main}
CRITICAL - 2021-03-18 08:36:01 --> Invalid file: helloWorld.php
#0 /home/wanderson/Área de Trabalho/helloWorld/codeigniter-helloWorld/system/View/View.php(203): CodeIgniter\Exceptions\FrameworkException::forInvalidFile()
#1 /home/wanderson/Área de Trabalho/helloWorld/codeigniter-helloWorld/system/Common.php(1217): CodeIgniter\View\View->render()
#2 /home/wanderson/Área de Trabalho/helloWorld/codeigniter-helloWorld/app/Controllers/Home.php(12): view()
#3 /home/wanderson/Área de Trabalho/helloWorld/codeigniter-helloWorld/system/CodeIgniter.php(936): App\Controllers\Home->helloWorld()
#4 /home/wanderson/Área de Trabalho/helloWorld/codeigniter-helloWorld/system/CodeIgniter.php(432): CodeIgniter\CodeIgniter->runController()
#5 /home/wanderson/Área de Trabalho/helloWorld/codeigniter-helloWorld/system/CodeIgniter.php(333): CodeIgniter\CodeIgniter->handleRequest()
#6 /home/wanderson/Área de Trabalho/helloWorld/codeigniter-helloWorld/public/index.php(44): CodeIgniter\CodeIgniter->run()
#7 /home/wanderson/Área de Trabalho/helloWorld/codeigniter-helloWorld/system/Commands/Server/rewrite.php(45): require_once('/home/wanderson...')
#8 {main}
CRITICAL - 2021-03-18 08:36:04 --> Invalid file: helloWorld.php
#0 /home/wanderson/Área de Trabalho/helloWorld/codeigniter-helloWorld/system/View/View.php(203): CodeIgniter\Exceptions\FrameworkException::forInvalidFile()
#1 /home/wanderson/Área de Trabalho/helloWorld/codeigniter-helloWorld/system/Common.php(1217): CodeIgniter\View\View->render()
#2 /home/wanderson/Área de Trabalho/helloWorld/codeigniter-helloWorld/app/Controllers/Home.php(12): view()
#3 /home/wanderson/Área de Trabalho/helloWorld/codeigniter-helloWorld/system/CodeIgniter.php(936): App\Controllers\Home->helloWorld()
#4 /home/wanderson/Área de Trabalho/helloWorld/codeigniter-helloWorld/system/CodeIgniter.php(432): CodeIgniter\CodeIgniter->runController()
#5 /home/wanderson/Área de Trabalho/helloWorld/codeigniter-helloWorld/system/CodeIgniter.php(333): CodeIgniter\CodeIgniter->handleRequest()
#6 /home/wanderson/Área de Trabalho/helloWorld/codeigniter-helloWorld/public/index.php(44): CodeIgniter\CodeIgniter->run()
#7 /home/wanderson/Área de Trabalho/helloWorld/codeigniter-helloWorld/system/Commands/Server/rewrite.php(45): require_once('/home/wanderson...')
#8 {main}
CRITICAL - 2021-03-18 08:36:04 --> Invalid file: helloWorld.php
#0 /home/wanderson/Área de Trabalho/helloWorld/codeigniter-helloWorld/system/View/View.php(203): CodeIgniter\Exceptions\FrameworkException::forInvalidFile()
#1 /home/wanderson/Área de Trabalho/helloWorld/codeigniter-helloWorld/system/Common.php(1217): CodeIgniter\View\View->render()
#2 /home/wanderson/Área de Trabalho/helloWorld/codeigniter-helloWorld/app/Controllers/Home.php(12): view()
#3 /home/wanderson/Área de Trabalho/helloWorld/codeigniter-helloWorld/system/CodeIgniter.php(936): App\Controllers\Home->helloWorld()
#4 /home/wanderson/Área de Trabalho/helloWorld/codeigniter-helloWorld/system/CodeIgniter.php(432): CodeIgniter\CodeIgniter->runController()
#5 /home/wanderson/Área de Trabalho/helloWorld/codeigniter-helloWorld/system/CodeIgniter.php(333): CodeIgniter\CodeIgniter->handleRequest()
#6 /home/wanderson/Área de Trabalho/helloWorld/codeigniter-helloWorld/public/index.php(44): CodeIgniter\CodeIgniter->run()
#7 /home/wanderson/Área de Trabalho/helloWorld/codeigniter-helloWorld/system/Commands/Server/rewrite.php(45): require_once('/home/wanderson...')
#8 {main}
CRITICAL - 2021-03-18 08:36:06 --> Invalid file: helloWorld.php
#0 /home/wanderson/Área de Trabalho/helloWorld/codeigniter-helloWorld/system/View/View.php(203): CodeIgniter\Exceptions\FrameworkException::forInvalidFile()
#1 /home/wanderson/Área de Trabalho/helloWorld/codeigniter-helloWorld/system/Common.php(1217): CodeIgniter\View\View->render()
#2 /home/wanderson/Área de Trabalho/helloWorld/codeigniter-helloWorld/app/Controllers/Home.php(12): view()
#3 /home/wanderson/Área de Trabalho/helloWorld/codeigniter-helloWorld/system/CodeIgniter.php(936): App\Controllers\Home->helloWorld()
#4 /home/wanderson/Área de Trabalho/helloWorld/codeigniter-helloWorld/system/CodeIgniter.php(432): CodeIgniter\CodeIgniter->runController()
#5 /home/wanderson/Área de Trabalho/helloWorld/codeigniter-helloWorld/system/CodeIgniter.php(333): CodeIgniter\CodeIgniter->handleRequest()
#6 /home/wanderson/Área de Trabalho/helloWorld/codeigniter-helloWorld/public/index.php(44): CodeIgniter\CodeIgniter->run()
#7 /home/wanderson/Área de Trabalho/helloWorld/codeigniter-helloWorld/system/Commands/Server/rewrite.php(45): require_once('/home/wanderson...')
#8 {main}
CRITICAL - 2021-03-18 08:36:31 --> Invalid file: helloWorld.php
#0 /home/wanderson/Área de Trabalho/helloWorld/codeigniter-helloWorld/system/View/View.php(203): CodeIgniter\Exceptions\FrameworkException::forInvalidFile()
#1 /home/wanderson/Área de Trabalho/helloWorld/codeigniter-helloWorld/system/Common.php(1217): CodeIgniter\View\View->render()
#2 /home/wanderson/Área de Trabalho/helloWorld/codeigniter-helloWorld/app/Controllers/Home.php(12): view()
#3 /home/wanderson/Área de Trabalho/helloWorld/codeigniter-helloWorld/app/Controllers/Home.php(8): App\Controllers\Home->helloWorld()
#4 /home/wanderson/Área de Trabalho/helloWorld/codeigniter-helloWorld/system/CodeIgniter.php(936): App\Controllers\Home->index()
#5 /home/wanderson/Área de Trabalho/helloWorld/codeigniter-helloWorld/system/CodeIgniter.php(432): CodeIgniter\CodeIgniter->runController()
#6 /home/wanderson/Área de Trabalho/helloWorld/codeigniter-helloWorld/system/CodeIgniter.php(333): CodeIgniter\CodeIgniter->handleRequest()
#7 /home/wanderson/Área de Trabalho/helloWorld/codeigniter-helloWorld/public/index.php(44): CodeIgniter\CodeIgniter->run()
#8 /home/wanderson/Área de Trabalho/helloWorld/codeigniter-helloWorld/system/Commands/Server/rewrite.php(45): require_once('/home/wanderson...')
#9 {main}
CRITICAL - 2021-03-18 08:36:31 --> Invalid file: helloWorld.php
#0 /home/wanderson/Área de Trabalho/helloWorld/codeigniter-helloWorld/system/View/View.php(203): CodeIgniter\Exceptions\FrameworkException::forInvalidFile()
#1 /home/wanderson/Área de Trabalho/helloWorld/codeigniter-helloWorld/system/Common.php(1217): CodeIgniter\View\View->render()
#2 /home/wanderson/Área de Trabalho/helloWorld/codeigniter-helloWorld/app/Controllers/Home.php(12): view()
#3 /home/wanderson/Área de Trabalho/helloWorld/codeigniter-helloWorld/app/Controllers/Home.php(8): App\Controllers\Home->helloWorld()
#4 /home/wanderson/Área de Trabalho/helloWorld/codeigniter-helloWorld/system/CodeIgniter.php(936): App\Controllers\Home->index()
#5 /home/wanderson/Área de Trabalho/helloWorld/codeigniter-helloWorld/system/CodeIgniter.php(432): CodeIgniter\CodeIgniter->runController()
#6 /home/wanderson/Área de Trabalho/helloWorld/codeigniter-helloWorld/system/CodeIgniter.php(333): CodeIgniter\CodeIgniter->handleRequest()
#7 /home/wanderson/Área de Trabalho/helloWorld/codeigniter-helloWorld/public/index.php(44): CodeIgniter\CodeIgniter->run()
#8 /home/wanderson/Área de Trabalho/helloWorld/codeigniter-helloWorld/system/Commands/Server/rewrite.php(45): require_once('/home/wanderson...')
#9 {main}
CRITICAL - 2021-03-18 08:36:32 --> Invalid file: helloWorld.php
#0 /home/wanderson/Área de Trabalho/helloWorld/codeigniter-helloWorld/system/View/View.php(203): CodeIgniter\Exceptions\FrameworkException::forInvalidFile()
#1 /home/wanderson/Área de Trabalho/helloWorld/codeigniter-helloWorld/system/Common.php(1217): CodeIgniter\View\View->render()
#2 /home/wanderson/Área de Trabalho/helloWorld/codeigniter-helloWorld/app/Controllers/Home.php(12): view()
#3 /home/wanderson/Área de Trabalho/helloWorld/codeigniter-helloWorld/app/Controllers/Home.php(8): App\Controllers\Home->helloWorld()
#4 /home/wanderson/Área de Trabalho/helloWorld/codeigniter-helloWorld/system/CodeIgniter.php(936): App\Controllers\Home->index()
#5 /home/wanderson/Área de Trabalho/helloWorld/codeigniter-helloWorld/system/CodeIgniter.php(432): CodeIgniter\CodeIgniter->runController()
#6 /home/wanderson/Área de Trabalho/helloWorld/codeigniter-helloWorld/system/CodeIgniter.php(333): CodeIgniter\CodeIgniter->handleRequest()
#7 /home/wanderson/Área de Trabalho/helloWorld/codeigniter-helloWorld/public/index.php(44): CodeIgniter\CodeIgniter->run()
#8 /home/wanderson/Área de Trabalho/helloWorld/codeigniter-helloWorld/system/Commands/Server/rewrite.php(45): require_once('/home/wanderson...')
#9 {main}
CRITICAL - 2021-03-18 08:36:45 --> Invalid file: helloWorld.php
#0 /home/wanderson/Área de Trabalho/helloWorld/codeigniter-helloWorld/system/View/View.php(203): CodeIgniter\Exceptions\FrameworkException::forInvalidFile()
#1 /home/wanderson/Área de Trabalho/helloWorld/codeigniter-helloWorld/system/Common.php(1217): CodeIgniter\View\View->render()
#2 /home/wanderson/Área de Trabalho/helloWorld/codeigniter-helloWorld/app/Controllers/Home.php(12): view()
#3 /home/wanderson/Área de Trabalho/helloWorld/codeigniter-helloWorld/app/Controllers/Home.php(8): App\Controllers\Home->helloWorld()
#4 /home/wanderson/Área de Trabalho/helloWorld/codeigniter-helloWorld/system/CodeIgniter.php(936): App\Controllers\Home->index()
#5 /home/wanderson/Área de Trabalho/helloWorld/codeigniter-helloWorld/system/CodeIgniter.php(432): CodeIgniter\CodeIgniter->runController()
#6 /home/wanderson/Área de Trabalho/helloWorld/codeigniter-helloWorld/system/CodeIgniter.php(333): CodeIgniter\CodeIgniter->handleRequest()
#7 /home/wanderson/Área de Trabalho/helloWorld/codeigniter-helloWorld/public/index.php(44): CodeIgniter\CodeIgniter->run()
#8 /home/wanderson/Área de Trabalho/helloWorld/codeigniter-helloWorld/system/Commands/Server/rewrite.php(45): require_once('/home/wanderson...')
#9 {main}
CRITICAL - 2021-03-18 08:36:47 --> Invalid file: helloWorld.php
#0 /home/wanderson/Área de Trabalho/helloWorld/codeigniter-helloWorld/system/View/View.php(203): CodeIgniter\Exceptions\FrameworkException::forInvalidFile()
#1 /home/wanderson/Área de Trabalho/helloWorld/codeigniter-helloWorld/system/Common.php(1217): CodeIgniter\View\View->render()
#2 /home/wanderson/Área de Trabalho/helloWorld/codeigniter-helloWorld/app/Controllers/Home.php(12): view()
#3 /home/wanderson/Área de Trabalho/helloWorld/codeigniter-helloWorld/app/Controllers/Home.php(8): App\Controllers\Home->helloWorld()
#4 /home/wanderson/Área de Trabalho/helloWorld/codeigniter-helloWorld/system/CodeIgniter.php(936): App\Controllers\Home->index()
#5 /home/wanderson/Área de Trabalho/helloWorld/codeigniter-helloWorld/system/CodeIgniter.php(432): CodeIgniter\CodeIgniter->runController()
#6 /home/wanderson/Área de Trabalho/helloWorld/codeigniter-helloWorld/system/CodeIgniter.php(333): CodeIgniter\CodeIgniter->handleRequest()
#7 /home/wanderson/Área de Trabalho/helloWorld/codeigniter-helloWorld/public/index.php(44): CodeIgniter\CodeIgniter->run()
#8 /home/wanderson/Área de Trabalho/helloWorld/codeigniter-helloWorld/system/Commands/Server/rewrite.php(45): require_once('/home/wanderson...')
#9 {main}
CRITICAL - 2021-03-18 08:37:34 --> Invalid file: helloWorld.php
#0 /home/wanderson/Área de Trabalho/helloWorld/codeigniter-helloWorld/system/View/View.php(203): CodeIgniter\Exceptions\FrameworkException::forInvalidFile()
#1 /home/wanderson/Área de Trabalho/helloWorld/codeigniter-helloWorld/system/Common.php(1217): CodeIgniter\View\View->render()
#2 /home/wanderson/Área de Trabalho/helloWorld/codeigniter-helloWorld/app/Controllers/Home.php(12): view()
#3 /home/wanderson/Área de Trabalho/helloWorld/codeigniter-helloWorld/app/Controllers/Home.php(8): App\Controllers\Home->helloWorld()
#4 /home/wanderson/Área de Trabalho/helloWorld/codeigniter-helloWorld/system/CodeIgniter.php(936): App\Controllers\Home->index()
#5 /home/wanderson/Área de Trabalho/helloWorld/codeigniter-helloWorld/system/CodeIgniter.php(432): CodeIgniter\CodeIgniter->runController()
#6 /home/wanderson/Área de Trabalho/helloWorld/codeigniter-helloWorld/system/CodeIgniter.php(333): CodeIgniter\CodeIgniter->handleRequest()
#7 /home/wanderson/Área de Trabalho/helloWorld/codeigniter-helloWorld/public/index.php(44): CodeIgniter\CodeIgniter->run()
#8 /home/wanderson/Área de Trabalho/helloWorld/codeigniter-helloWorld/system/Commands/Server/rewrite.php(45): require_once('/home/wanderson...')
#9 {main}
CRITICAL - 2021-03-18 08:37:34 --> Invalid file: helloWorld.php
#0 /home/wanderson/Área de Trabalho/helloWorld/codeigniter-helloWorld/system/View/View.php(203): CodeIgniter\Exceptions\FrameworkException::forInvalidFile()
#1 /home/wanderson/Área de Trabalho/helloWorld/codeigniter-helloWorld/system/Common.php(1217): CodeIgniter\View\View->render()
#2 /home/wanderson/Área de Trabalho/helloWorld/codeigniter-helloWorld/app/Controllers/Home.php(12): view()
#3 /home/wanderson/Área de Trabalho/helloWorld/codeigniter-helloWorld/app/Controllers/Home.php(8): App\Controllers\Home->helloWorld()
#4 /home/wanderson/Área de Trabalho/helloWorld/codeigniter-helloWorld/system/CodeIgniter.php(936): App\Controllers\Home->index()
#5 /home/wanderson/Área de Trabalho/helloWorld/codeigniter-helloWorld/system/CodeIgniter.php(432): CodeIgniter\CodeIgniter->runController()
#6 /home/wanderson/Área de Trabalho/helloWorld/codeigniter-helloWorld/system/CodeIgniter.php(333): CodeIgniter\CodeIgniter->handleRequest()
#7 /home/wanderson/Área de Trabalho/helloWorld/codeigniter-helloWorld/public/index.php(44): CodeIgniter\CodeIgniter->run()
#8 /home/wanderson/Área de Trabalho/helloWorld/codeigniter-helloWorld/system/Commands/Server/rewrite.php(45): require_once('/home/wanderson...')
#9 {main}
CRITICAL - 2021-03-18 08:37:35 --> Invalid file: helloWorld.php
#0 /home/wanderson/Área de Trabalho/helloWorld/codeigniter-helloWorld/system/View/View.php(203): CodeIgniter\Exceptions\FrameworkException::forInvalidFile()
#1 /home/wanderson/Área de Trabalho/helloWorld/codeigniter-helloWorld/system/Common.php(1217): CodeIgniter\View\View->render()
#2 /home/wanderson/Área de Trabalho/helloWorld/codeigniter-helloWorld/app/Controllers/Home.php(12): view()
#3 /home/wanderson/Área de Trabalho/helloWorld/codeigniter-helloWorld/app/Controllers/Home.php(8): App\Controllers\Home->helloWorld()
#4 /home/wanderson/Área de Trabalho/helloWorld/codeigniter-helloWorld/system/CodeIgniter.php(936): App\Controllers\Home->index()
#5 /home/wanderson/Área de Trabalho/helloWorld/codeigniter-helloWorld/system/CodeIgniter.php(432): CodeIgniter\CodeIgniter->runController()
#6 /home/wanderson/Área de Trabalho/helloWorld/codeigniter-helloWorld/system/CodeIgniter.php(333): CodeIgniter\CodeIgniter->handleRequest()
#7 /home/wanderson/Área de Trabalho/helloWorld/codeigniter-helloWorld/public/index.php(44): CodeIgniter\CodeIgniter->run()
#8 /home/wanderson/Área de Trabalho/helloWorld/codeigniter-helloWorld/system/Commands/Server/rewrite.php(45): require_once('/home/wanderson...')
#9 {main}
CRITICAL - 2021-03-18 08:37:37 --> Invalid file: helloWorld.php
#0 /home/wanderson/Área de Trabalho/helloWorld/codeigniter-helloWorld/system/View/View.php(203): CodeIgniter\Exceptions\FrameworkException::forInvalidFile()
#1 /home/wanderson/Área de Trabalho/helloWorld/codeigniter-helloWorld/system/Common.php(1217): CodeIgniter\View\View->render()
#2 /home/wanderson/Área de Trabalho/helloWorld/codeigniter-helloWorld/app/Controllers/Home.php(12): view()
#3 /home/wanderson/Área de Trabalho/helloWorld/codeigniter-helloWorld/app/Controllers/Home.php(8): App\Controllers\Home->helloWorld()
#4 /home/wanderson/Área de Trabalho/helloWorld/codeigniter-helloWorld/system/CodeIgniter.php(936): App\Controllers\Home->index()
#5 /home/wanderson/Área de Trabalho/helloWorld/codeigniter-helloWorld/system/CodeIgniter.php(432): CodeIgniter\CodeIgniter->runController()
#6 /home/wanderson/Área de Trabalho/helloWorld/codeigniter-helloWorld/system/CodeIgniter.php(333): CodeIgniter\CodeIgniter->handleRequest()
#7 /home/wanderson/Área de Trabalho/helloWorld/codeigniter-helloWorld/public/index.php(44): CodeIgniter\CodeIgniter->run()
#8 /home/wanderson/Área de Trabalho/helloWorld/codeigniter-helloWorld/system/Commands/Server/rewrite.php(45): require_once('/home/wanderson...')
#9 {main}
